# JRE version: Java(TM) SE Runtime Environment (8.0_191-b12) (build 1.8.0_191-b12)
# Java VM: Java HotSpot(TM) 64-Bit Server VM (25.191-b12 mixed mode windows-amd64 compressed oops)
Heap:
 PSYoungGen      total 337408K, used 304873K [0x00000000eb580000, 0x0000000100000000, 0x0000000100000000)
  eden space 336896K, 90% used [0x00000000eb580000,0x00000000fdf2a528,0x00000000ffe80000)
  from space 512K, 12% used [0x00000000ffe80000,0x00000000ffe90000,0x00000000fff00000)
  to   space 512K, 0% used [0x00000000fff80000,0x00000000fff80000,0x0000000100000000)
 ParOldGen       total 42496K, used 8397K [0x00000000c2000000, 0x00000000c4980000, 0x00000000eb580000)
  object space 42496K, 19% used [0x00000000c2000000,0x00000000c2833698,0x00000000c4980000)
 Metaspace       used 18307K, capacity 19044K, committed 19072K, reserved 1064960K
  class space    used 2472K, capacity 2664K, committed 2688K, reserved 1048576K
GC Heap History (10 events):
Event: 145.358 GC heap before
{Heap before GC invocations=49 (full 0):
 PSYoungGen      total 337408K, used 336448K [0x00000000eb580000, 0x0000000100000000, 0x0000000100000000)
  eden space 336384K, 100% used [0x00000000eb580000,0x00000000ffe00000,0x00000000ffe00000)
  from space 1024K, 6% used [0x00000000fff00000,0x00000000fff10000,0x0000000100000000)
  to   space 1024K, 0% used [0x00000000ffe00000,0x00000000ffe00000,0x00000000fff00000)
 ParOldGen       total 42496K, used 8317K [0x00000000c2000000, 0x00000000c4980000, 0x00000000eb580000)
  object space 42496K, 19% used [0x00000000c2000000,0x00000000c281f698,0x00000000c4980000)
 Metaspace       used 18241K, capacity 18930K, committed 19072K, reserved 1064960K
  class space    used 2462K, capacity 2653K, committed 2688K, reserved 1048576K
Event: 145.668 GC heap after
Heap after GC invocations=49 (full 0):
 PSYoungGen      total 337408K, used 64K [0x00000000eb580000, 0x0000000100000000, 0x0000000100000000)
  eden space 336384K, 0% used [0x00000000eb580000,0x00000000eb580000,0x00000000ffe00000)
  from space 1024K, 6% used [0x00000000ffe00000,0x00000000ffe10000,0x00000000fff00000)
  to   space 1024K, 0% used [0x00000000fff00000,0x00000000fff00000,0x0000000100000000)
 ParOldGen       total 42496K, used 8333K [0x00000000c2000000, 0x00000000c4980000, 0x00000000eb580000)
  object space 42496K, 19% used [0x00000000c2000000,0x00000000c2823698,0x00000000c4980000)
 Metaspace       used 18241K, capacity 18930K, committed 19072K, reserved 1064960K
  class space    used 2462K, capacity 2653K, committed 2688K, reserved 1048576K
}
Event: 148.601 GC heap before
{Heap before GC invocations=50 (full 0):
 PSYoungGen      total 337408K, used 336448K [0x00000000eb580000, 0x0000000100000000, 0x0000000100000000)
  eden space 336384K, 100% used [0x00000000eb580000,0x00000000ffe00000,0x00000000ffe00000)
  from space 1024K, 6% used [0x00000000ffe00000,0x00000000ffe10000,0x00000000fff00000)
  to   space 1024K, 0% used [0x00000000fff00000,0x00000000fff00000,0x0000000100000000)
 ParOldGen       total 42496K, used 8333K [0x00000000c2000000, 0x00000000c4980000, 0x00000000eb580000)
  object space 42496K, 19% used [0x00000000c2000000,0x00000000c2823698,0x00000000c4980000)
 Metaspace       used 18241K, capacity 18930K, committed 19072K, reserved 1064960K
  class space    used 2462K, capacity 2653K, committed 2688K, reserved 1048576K
Event: 148.732 GC heap after
Heap after GC invocations=50 (full 0):
 PSYoungGen      total 337408K, used 64K [0x00000000eb580000, 0x0000000100000000, 0x0000000100000000)
  eden space 336384K, 0% used [0x00000000eb580000,0x00000000eb580000,0x00000000ffe00000)
  from space 1024K, 6% used [0x00000000fff00000,0x00000000fff10000,0x0000000100000000)
  to   space 1024K, 0% used [0x00000000ffe00000,0x00000000ffe00000,0x00000000fff00000)
 ParOldGen       total 42496K, used 8341K [0x00000000c2000000, 0x00000000c4980000, 0x00000000eb580000)
  object space 42496K, 19% used [0x00000000c2000000,0x00000000c2825698,0x00000000c4980000)
 Metaspace       used 18241K, capacity 18930K, committed 19072K, reserved 1064960K
  class space    used 2462K, capacity 2653K, committed 2688K, reserved 1048576K
}
Event: 149.619 GC heap before
{Heap before GC invocations=51 (full 0):
 PSYoungGen      total 337408K, used 336448K [0x00000000eb580000, 0x0000000100000000, 0x0000000100000000)
  eden space 336384K, 100% used [0x00000000eb580000,0x00000000ffe00000,0x00000000ffe00000)
  from space 1024K, 6% used [0x00000000fff00000,0x00000000fff10000,0x0000000100000000)
  to   space 1024K, 0% used [0x00000000ffe00000,0x00000000ffe00000,0x00000000fff00000)
 ParOldGen       total 42496K, used 8341K [0x00000000c2000000, 0x00000000c4980000, 0x00000000eb580000)
  object space 42496K, 19% used [0x00000000c2000000,0x00000000c2825698,0x00000000c4980000)
 Metaspace       used 18253K, capacity 18930K, committed 19072K, reserved 1064960K
  class space    used 2464K, capacity 2653K, committed 2688K, reserved 1048576K
Event: 149.620 GC heap after
Heap after GC invocations=51 (full 0):
 PSYoungGen      total 337408K, used 64K [0x00000000eb580000, 0x00000000fff80000, 0x0000000100000000)
  eden space 336384K, 0% used [0x00000000eb580000,0x00000000eb580000,0x00000000ffe00000)
  from space 1024K, 6% used [0x00000000ffe00000,0x00000000ffe10000,0x00000000fff00000)
  to   space 512K, 0% used [0x00000000fff00000,0x00000000fff00000,0x00000000fff80000)
 ParOldGen       total 42496K, used 8357K [0x00000000c2000000, 0x00000000c4980000, 0x00000000eb580000)
  object space 42496K, 19% used [0x00000000c2000000,0x00000000c2829698,0x00000000c4980000)
 Metaspace       used 18253K, capacity 18930K, committed 19072K, reserved 1064960K
  class space    used 2464K, capacity 2653K, committed 2688K, reserved 1048576K
}
Event: 151.015 GC heap before
{Heap before GC invocations=52 (full 0):
 PSYoungGen      total 337408K, used 336448K [0x00000000eb580000, 0x00000000fff80000, 0x0000000100000000)
  eden space 336384K, 100% used [0x00000000eb580000,0x00000000ffe00000,0x00000000ffe00000)
  from space 1024K, 6% used [0x00000000ffe00000,0x00000000ffe10000,0x00000000fff00000)
  to   space 512K, 0% used [0x00000000fff00000,0x00000000fff00000,0x00000000fff80000)
 ParOldGen       total 42496K, used 8357K [0x00000000c2000000, 0x00000000c4980000, 0x00000000eb580000)
  object space 42496K, 19% used [0x00000000c2000000,0x00000000c2829698,0x00000000c4980000)
 Metaspace       used 18267K, capacity 18930K, committed 19072K, reserved 1064960K
  class space    used 2464K, capacity 2653K, committed 2688K, reserved 1048576K
Event: 151.496 GC heap after
Heap after GC invocations=52 (full 0):
 PSYoungGen      total 337408K, used 64K [0x00000000eb580000, 0x00000000fff80000, 0x0000000100000000)
  eden space 336896K, 0% used [0x00000000eb580000,0x00000000eb580000,0x00000000ffe80000)
  from space 512K, 12% used [0x00000000fff00000,0x00000000fff10000,0x00000000fff80000)
  to   space 512K, 0% used [0x00000000ffe80000,0x00000000ffe80000,0x00000000fff00000)
 ParOldGen       total 42496K, used 8381K [0x00000000c2000000, 0x00000000c4980000, 0x00000000eb580000)
  object space 42496K, 19% used [0x00000000c2000000,0x00000000c282f698,0x00000000c4980000)
 Metaspace       used 18267K, capacity 18930K, committed 19072K, reserved 1064960K
  class space    used 2464K, capacity 2653K, committed 2688K, reserved 1048576K
}
Event: 152.592 GC heap before
{Heap before GC invocations=53 (full 0):
 PSYoungGen      total 337408K, used 336960K [0x00000000eb580000, 0x00000000fff80000, 0x0000000100000000)
  eden space 336896K, 100% used [0x00000000eb580000,0x00000000ffe80000,0x00000000ffe80000)
  from space 512K, 12% used [0x00000000fff00000,0x00000000fff10000,0x00000000fff80000)
  to   space 512K, 0% used [0x00000000ffe80000,0x00000000ffe80000,0x00000000fff00000)
 ParOldGen       total 42496K, used 8381K [0x00000000c2000000, 0x00000000c4980000, 0x00000000eb580000)
  object space 42496K, 19% used [0x00000000c2000000,0x00000000c282f698,0x00000000c4980000)
 Metaspace       used 18267K, capacity 18930K, committed 19072K, reserved 1064960K
  class space    used 2464K, capacity 2653K, committed 2688K, reserved 1048576K
Event: 152.654 GC heap after
Heap after GC invocations=53 (full 0):
 PSYoungGen      total 337408K, used 64K [0x00000000eb580000, 0x0000000100000000, 0x0000000100000000)
  eden space 336896K, 0% used [0x00000000eb580000,0x00000000eb580000,0x00000000ffe80000)
  from space 512K, 12% used [0x00000000ffe80000,0x00000000ffe90000,0x00000000fff00000)
  to   space 512K, 0% used [0x00000000fff80000,0x00000000fff80000,0x0000000100000000)
 ParOldGen       total 42496K, used 8397K [0x00000000c2000000, 0x00000000c4980000, 0x00000000eb580000)
  object space 42496K, 19% used [0x00000000c2000000,0x00000000c2833698,0x00000000c4980000)
 Metaspace       used 18267K, capacity 18930K, committed 19072K, reserved 1064960K
  class space    used 2464K, capacity 2653K, committed 2688K, reserved 1048576K
}

